<?xml version="1.0" encoding="UTF-8"?>
<testng-results ignored="0" total="8" passed="8" failed="0" skipped="0">
  <reporter-output>
  </reporter-output>
  <suite started-at="2021-07-25T18:19:04 AWST" name="Suite" finished-at="2021-07-25T18:19:49 AWST" duration-ms="44804">
    <groups>
    </groups>
    <test started-at="2021-07-25T18:19:04 AWST" name="Test" finished-at="2021-07-25T18:19:49 AWST" duration-ms="44804">
      <class name="JupitorToy.TestCase">
        <test-method is-config="true" signature="LaunchApplication()[pri:0, instance:JupitorToy.TestCase@ec756bd]" started-at="2021-07-25T18:19:04 AWST" name="LaunchApplication" finished-at="2021-07-25T18:19:10 AWST" duration-ms="6044" status="PASS">
          <reporter-output>
          </reporter-output>
        </test-method> <!-- LaunchApplication -->
        <test-method signature="TestCase1()[pri:0, instance:JupitorToy.TestCase@ec756bd]" started-at="2021-07-25T18:19:10 AWST" name="TestCase1" finished-at="2021-07-25T18:19:13 AWST" duration-ms="2228" status="PASS">
          <reporter-output>
          </reporter-output>
        </test-method> <!-- TestCase1 -->
        <test-method signature="TestCase2(java.lang.String,java.lang.String,java.lang.String)[pri:0, instance:JupitorToy.TestCase@ec756bd]" started-at="2021-07-25T18:19:13 AWST" name="TestCase2" data-provider="getData" finished-at="2021-07-25T18:19:19 AWST" duration-ms="6626" status="PASS">
          <params>
            <param index="0">
              <value>
                <![CDATA[ForeName1]]>
              </value>
            </param>
            <param index="1">
              <value>
                <![CDATA[Email1@planit.net.au]]>
              </value>
            </param>
            <param index="2">
              <value>
                <![CDATA[Message1]]>
              </value>
            </param>
          </params>
          <reporter-output>
          </reporter-output>
        </test-method> <!-- TestCase2 -->
        <test-method signature="TestCase2(java.lang.String,java.lang.String,java.lang.String)[pri:0, instance:JupitorToy.TestCase@ec756bd]" started-at="2021-07-25T18:19:19 AWST" name="TestCase2" data-provider="getData" finished-at="2021-07-25T18:19:23 AWST" duration-ms="3851" status="PASS">
          <params>
            <param index="0">
              <value>
                <![CDATA[ForeName2]]>
              </value>
            </param>
            <param index="1">
              <value>
                <![CDATA[Email2@planit.net.au]]>
              </value>
            </param>
            <param index="2">
              <value>
                <![CDATA[Message2]]>
              </value>
            </param>
          </params>
          <reporter-output>
          </reporter-output>
        </test-method> <!-- TestCase2 -->
        <test-method signature="TestCase2(java.lang.String,java.lang.String,java.lang.String)[pri:0, instance:JupitorToy.TestCase@ec756bd]" started-at="2021-07-25T18:19:23 AWST" name="TestCase2" data-provider="getData" finished-at="2021-07-25T18:19:29 AWST" duration-ms="5596" status="PASS">
          <params>
            <param index="0">
              <value>
                <![CDATA[ForeName3]]>
              </value>
            </param>
            <param index="1">
              <value>
                <![CDATA[Email3@planit.net.au]]>
              </value>
            </param>
            <param index="2">
              <value>
                <![CDATA[Message3]]>
              </value>
            </param>
          </params>
          <reporter-output>
          </reporter-output>
        </test-method> <!-- TestCase2 -->
        <test-method signature="TestCase2(java.lang.String,java.lang.String,java.lang.String)[pri:0, instance:JupitorToy.TestCase@ec756bd]" started-at="2021-07-25T18:19:29 AWST" name="TestCase2" data-provider="getData" finished-at="2021-07-25T18:19:43 AWST" duration-ms="13913" status="PASS">
          <params>
            <param index="0">
              <value>
                <![CDATA[ForeName4]]>
              </value>
            </param>
            <param index="1">
              <value>
                <![CDATA[Email4@planit.net.au]]>
              </value>
            </param>
            <param index="2">
              <value>
                <![CDATA[Message4]]>
              </value>
            </param>
          </params>
          <reporter-output>
          </reporter-output>
        </test-method> <!-- TestCase2 -->
        <test-method signature="TestCase2(java.lang.String,java.lang.String,java.lang.String)[pri:0, instance:JupitorToy.TestCase@ec756bd]" started-at="2021-07-25T18:19:43 AWST" name="TestCase2" data-provider="getData" finished-at="2021-07-25T18:19:46 AWST" duration-ms="3862" status="PASS">
          <params>
            <param index="0">
              <value>
                <![CDATA[ForeName5]]>
              </value>
            </param>
            <param index="1">
              <value>
                <![CDATA[Email5@planit.net.au]]>
              </value>
            </param>
            <param index="2">
              <value>
                <![CDATA[Message5]]>
              </value>
            </param>
          </params>
          <reporter-output>
          </reporter-output>
        </test-method> <!-- TestCase2 -->
        <test-method signature="TestCase3()[pri:0, instance:JupitorToy.TestCase@ec756bd]" started-at="2021-07-25T18:19:46 AWST" name="TestCase3" finished-at="2021-07-25T18:19:48 AWST" duration-ms="1501" status="PASS">
          <reporter-output>
          </reporter-output>
        </test-method> <!-- TestCase3 -->
        <test-method signature="TestCase4()[pri:0, instance:JupitorToy.TestCase@ec756bd]" started-at="2021-07-25T18:19:48 AWST" name="TestCase4" finished-at="2021-07-25T18:19:49 AWST" duration-ms="1072" status="PASS">
          <reporter-output>
          </reporter-output>
        </test-method> <!-- TestCase4 -->
        <test-method is-config="true" signature="CloseApplication()[pri:0, instance:JupitorToy.TestCase@ec756bd]" started-at="2021-07-25T18:19:49 AWST" name="CloseApplication" finished-at="2021-07-25T18:19:49 AWST" duration-ms="64" status="PASS">
          <reporter-output>
          </reporter-output>
        </test-method> <!-- CloseApplication -->
      </class> <!-- JupitorToy.TestCase -->
    </test> <!-- Test -->
  </suite> <!-- Suite -->
</testng-results>
