<?xml version="1.0" encoding="UTF-8"?>
<testng-results ignored="0" total="1" passed="1" failed="0" skipped="0">
  <reporter-output>
  </reporter-output>
  <suite started-at="2021-07-25T18:01:38 AWST" name="Default suite" finished-at="2021-07-25T18:02:51 AWST" duration-ms="72725">
    <groups>
    </groups>
    <test started-at="2021-07-25T18:01:38 AWST" name="Default test" finished-at="2021-07-25T18:02:51 AWST" duration-ms="72725">
      <class name="JupitorToy.TestCase">
        <test-method is-config="true" signature="LaunchApplication()[pri:0, instance:JupitorToy.TestCase@4d465b11]" started-at="2021-07-25T18:01:38 AWST" name="LaunchApplication" finished-at="2021-07-25T18:01:44 AWST" duration-ms="6047" status="PASS">
          <reporter-output>
          </reporter-output>
        </test-method> <!-- LaunchApplication -->
        <test-method signature="TestCase4()[pri:0, instance:JupitorToy.TestCase@4d465b11]" started-at="2021-07-25T18:01:44 AWST" name="TestCase4" finished-at="2021-07-25T18:02:51 AWST" duration-ms="66585" status="PASS">
          <reporter-output>
          </reporter-output>
        </test-method> <!-- TestCase4 -->
        <test-method is-config="true" signature="CloseApplication()[pri:0, instance:JupitorToy.TestCase@4d465b11]" started-at="2021-07-25T18:02:51 AWST" name="CloseApplication" finished-at="2021-07-25T18:02:51 AWST" duration-ms="52" status="PASS">
          <reporter-output>
          </reporter-output>
        </test-method> <!-- CloseApplication -->
      </class> <!-- JupitorToy.TestCase -->
    </test> <!-- Default test -->
  </suite> <!-- Default suite -->
</testng-results>
