<?xml version="1.0" encoding="UTF-8"?>
<!-- Generated by org.testng.reporters.JUnitXMLReporter -->
<testsuite ignored="0" hostname="DESKTOP-P8C3LQ7" failures="0" tests="8" name="Test" time="44.804" errors="0" timestamp="2021-07-25T18:19:49 AWST">
  <testcase classname="JupitorToy.TestCase" name="TestCase1" time="2.228"/>
  <testcase classname="JupitorToy.TestCase" name="TestCase2" time="6.626"/>
  <testcase classname="JupitorToy.TestCase" name="TestCase2" time="3.851"/>
  <testcase classname="JupitorToy.TestCase" name="TestCase2" time="5.596"/>
  <testcase classname="JupitorToy.TestCase" name="TestCase2" time="13.913"/>
  <testcase classname="JupitorToy.TestCase" name="TestCase2" time="3.862"/>
  <testcase classname="JupitorToy.TestCase" name="TestCase3" time="1.501"/>
  <testcase classname="JupitorToy.TestCase" name="TestCase4" time="1.072"/>
</testsuite> <!-- Test -->
